# JRE version: OpenJDK Runtime Environment (11.0.11+9) (build 11.0.11+9-b60-7590822)
# Java VM: OpenJDK 64-Bit Server VM (11.0.11+9-b60-7590822, mixed mode, tiered, compressed oops, g1 gc, windows-amd64)
Heap:
 garbage-first heap   total 158720K, used 48263K [0x0000000080000000, 0x0000000100000000)
  region size 1024K, 9 young (9216K), 9 survivors (9216K)
 Metaspace       used 45571K, capacity 46802K, committed 46996K, reserved 1089536K
  class space    used 5744K, capacity 6155K, committed 6220K, reserved 1048576K
GC Heap History (17 events):
Event: 1.382 GC heap before
{Heap before GC invocations=0 (full 0):
 garbage-first heap   total 131072K, used 20480K [0x0000000080000000, 0x0000000100000000)
  region size 1024K, 14 young (14336K), 0 survivors (0K)
 Metaspace       used 6728K, capacity 6925K, committed 7168K, reserved 1056768K
  class space    used 582K, capacity 650K, committed 768K, reserved 1048576K
}
Event: 1.392 GC heap after
{Heap after GC invocations=1 (full 0):
 garbage-first heap   total 131072K, used 7821K [0x0000000080000000, 0x0000000100000000)
  region size 1024K, 2 young (2048K), 2 survivors (2048K)
 Metaspace       used 6728K, capacity 6925K, committed 7168K, reserved 1056768K
  class space    used 582K, capacity 650K, committed 768K, reserved 1048576K
}
Event: 2.144 GC heap before
{Heap before GC invocations=1 (full 0):
 garbage-first heap   total 131072K, used 20109K [0x0000000080000000, 0x0000000100000000)
  region size 1024K, 14 young (14336K), 2 survivors (2048K)
 Metaspace       used 9900K, capacity 10118K, committed 10368K, reserved 1058816K
  class space    used 1028K, capacity 1102K, committed 1152K, reserved 1048576K
}
Event: 2.149 GC heap after
{Heap after GC invocations=2 (full 0):
 garbage-first heap   total 131072K, used 9367K [0x0000000080000000, 0x0000000100000000)
  region size 1024K, 2 young (2048K), 2 survivors (2048K)
 Metaspace       used 9900K, capacity 10118K, committed 10368K, reserved 1058816K
  class space    used 1028K, capacity 1102K, committed 1152K, reserved 1048576K
}
Event: 3.490 GC heap before
{Heap before GC invocations=2 (full 0):
 garbage-first heap   total 131072K, used 45207K [0x0000000080000000, 0x0000000100000000)
  region size 1024K, 37 young (37888K), 2 survivors (2048K)
 Metaspace       used 10925K, capacity 11137K, committed 11264K, reserved 1058816K
  class space    used 1133K, capacity 1207K, committed 1280K, reserved 1048576K
}
Event: 3.495 GC heap after
{Heap after GC invocations=3 (full 0):
 garbage-first heap   total 131072K, used 13545K [0x0000000080000000, 0x0000000100000000)
  region size 1024K, 5 young (5120K), 5 survivors (5120K)
 Metaspace       used 10925K, capacity 11137K, committed 11264K, reserved 1058816K
  class space    used 1133K, capacity 1207K, committed 1280K, reserved 1048576K
}
Event: 7.230 GC heap before
{Heap before GC invocations=3 (full 0):
 garbage-first heap   total 131072K, used 63721K [0x0000000080000000, 0x0000000100000000)
  region size 1024K, 54 young (55296K), 5 survivors (5120K)
 Metaspace       used 19612K, capacity 20017K, committed 20224K, reserved 1067008K
  class space    used 2378K, capacity 2499K, committed 2560K, reserved 1048576K
}
Event: 7.309 GC heap after
{Heap after GC invocations=4 (full 0):
 garbage-first heap   total 131072K, used 16671K [0x0000000080000000, 0x0000000100000000)
  region size 1024K, 4 young (4096K), 4 survivors (4096K)
 Metaspace       used 19612K, capacity 20017K, committed 20224K, reserved 1067008K
  class space    used 2378K, capacity 2499K, committed 2560K, reserved 1048576K
}
Event: 7.682 GC heap before
{Heap before GC invocations=4 (full 0):
 garbage-first heap   total 131072K, used 26911K [0x0000000080000000, 0x0000000100000000)
  region size 1024K, 15 young (15360K), 4 survivors (4096K)
 Metaspace       used 20687K, capacity 21180K, committed 21296K, reserved 1069056K
  class space    used 2528K, capacity 2674K, committed 2688K, reserved 1048576K
}
Event: 7.693 GC heap after
{Heap after GC invocations=5 (full 0):
 garbage-first heap   total 131072K, used 17141K [0x0000000080000000, 0x0000000100000000)
  region size 1024K, 4 young (4096K), 4 survivors (4096K)
 Metaspace       used 20687K, capacity 21180K, committed 21296K, reserved 1069056K
  class space    used 2528K, capacity 2674K, committed 2688K, reserved 1048576K
}
Event: 9.880 GC heap before
{Heap before GC invocations=6 (full 0):
 garbage-first heap   total 131072K, used 85749K [0x0000000080000000, 0x0000000100000000)
  region size 1024K, 63 young (64512K), 4 survivors (4096K)
 Metaspace       used 26758K, capacity 27442K, committed 27568K, reserved 1073152K
  class space    used 3504K, capacity 3759K, committed 3840K, reserved 1048576K
}
Event: 9.894 GC heap after
{Heap after GC invocations=7 (full 0):
 garbage-first heap   total 131072K, used 30531K [0x0000000080000000, 0x0000000100000000)
  region size 1024K, 8 young (8192K), 8 survivors (8192K)
 Metaspace       used 26758K, capacity 27442K, committed 27568K, reserved 1073152K
  class space    used 3504K, capacity 3759K, committed 3840K, reserved 1048576K
}
Event: 12.819 GC heap before
{Heap before GC invocations=7 (full 0):
 garbage-first heap   total 131072K, used 94019K [0x0000000080000000, 0x0000000100000000)
  region size 1024K, 72 young (73728K), 8 survivors (8192K)
 Metaspace       used 34629K, capacity 35557K, committed 35632K, reserved 1079296K
  class space    used 4540K, capacity 4918K, committed 4992K, reserved 1048576K
}
Event: 12.848 GC heap after
{Heap after GC invocations=8 (full 0):
 garbage-first heap   total 131072K, used 35017K [0x0000000080000000, 0x0000000100000000)
  region size 1024K, 9 young (9216K), 9 survivors (9216K)
 Metaspace       used 34629K, capacity 35557K, committed 35632K, reserved 1079296K
  class space    used 4540K, capacity 4918K, committed 4992K, reserved 1048576K
}
Event: 15.576 GC heap before
{Heap before GC invocations=9 (full 0):
 garbage-first heap   total 131072K, used 100553K [0x0000000080000000, 0x0000000100000000)
  region size 1024K, 71 young (72704K), 9 survivors (9216K)
 Metaspace       used 41284K, capacity 42443K, committed 42644K, reserved 1087488K
  class space    used 5289K, capacity 5695K, committed 5708K, reserved 1048576K
}
Event: 15.608 GC heap after
{Heap after GC invocations=10 (full 0):
 garbage-first heap   total 131072K, used 40407K [0x0000000080000000, 0x0000000100000000)
  region size 1024K, 9 young (9216K), 9 survivors (9216K)
 Metaspace       used 41284K, capacity 42443K, committed 42644K, reserved 1087488K
  class space    used 5289K, capacity 5695K, committed 5708K, reserved 1048576K
}
Event: 18.731 GC heap before
{Heap before GC invocations=11 (full 0):
 garbage-first heap   total 131072K, used 105943K [0x0000000080000000, 0x0000000100000000)
  region size 1024K, 70 young (71680K), 9 survivors (9216K)
 Metaspace       used 45571K, capacity 46802K, committed 46996K, reserved 1089536K
  class space    used 5744K, capacity 6155K, committed 6220K, reserved 1048576K
}

