# JRE version: OpenJDK Runtime Environment (11.0.11+9) (build 11.0.11+9-b60-7590822)
# Java VM: OpenJDK 64-Bit Server VM (11.0.11+9-b60-7590822, mixed mode, tiered, compressed oops, g1 gc, windows-amd64)
Heap:
 garbage-first heap   total 157696K, used 38436K [0x0000000080000000, 0x0000000100000000)
  region size 1024K, 12 young (12288K), 3 survivors (3072K)
 Metaspace       used 45792K, capacity 46809K, committed 47004K, reserved 1089536K
  class space    used 5870K, capacity 6282K, committed 6400K, reserved 1048576K
GC Heap History (20 events):
Event: 1.010 GC heap before
{Heap before GC invocations=0 (full 0):
 garbage-first heap   total 131072K, used 19456K [0x0000000080000000, 0x0000000100000000)
  region size 1024K, 14 young (14336K), 0 survivors (0K)
 Metaspace       used 6728K, capacity 6925K, committed 7168K, reserved 1056768K
  class space    used 582K, capacity 650K, committed 768K, reserved 1048576K
}
Event: 1.017 GC heap after
{Heap after GC invocations=1 (full 0):
 garbage-first heap   total 131072K, used 7863K [0x0000000080000000, 0x0000000100000000)
  region size 1024K, 2 young (2048K), 2 survivors (2048K)
 Metaspace       used 6728K, capacity 6925K, committed 7168K, reserved 1056768K
  class space    used 582K, capacity 650K, committed 768K, reserved 1048576K
}
Event: 1.649 GC heap before
{Heap before GC invocations=1 (full 0):
 garbage-first heap   total 131072K, used 20151K [0x0000000080000000, 0x0000000100000000)
  region size 1024K, 14 young (14336K), 2 survivors (2048K)
 Metaspace       used 9885K, capacity 10118K, committed 10368K, reserved 1058816K
  class space    used 1028K, capacity 1102K, committed 1152K, reserved 1048576K
}
Event: 1.654 GC heap after
{Heap after GC invocations=2 (full 0):
 garbage-first heap   total 131072K, used 9227K [0x0000000080000000, 0x0000000100000000)
  region size 1024K, 2 young (2048K), 2 survivors (2048K)
 Metaspace       used 9885K, capacity 10118K, committed 10368K, reserved 1058816K
  class space    used 1028K, capacity 1102K, committed 1152K, reserved 1048576K
}
Event: 2.843 GC heap before
{Heap before GC invocations=2 (full 0):
 garbage-first heap   total 131072K, used 45067K [0x0000000080000000, 0x0000000100000000)
  region size 1024K, 37 young (37888K), 2 survivors (2048K)
 Metaspace       used 10924K, capacity 11137K, committed 11264K, reserved 1058816K
  class space    used 1132K, capacity 1207K, committed 1280K, reserved 1048576K
}
Event: 2.849 GC heap after
{Heap after GC invocations=3 (full 0):
 garbage-first heap   total 131072K, used 13535K [0x0000000080000000, 0x0000000100000000)
  region size 1024K, 5 young (5120K), 5 survivors (5120K)
 Metaspace       used 10924K, capacity 11137K, committed 11264K, reserved 1058816K
  class space    used 1132K, capacity 1207K, committed 1280K, reserved 1048576K
}
Event: 5.449 GC heap before
{Heap before GC invocations=3 (full 0):
 garbage-first heap   total 131072K, used 64735K [0x0000000080000000, 0x0000000100000000)
  region size 1024K, 55 young (56320K), 5 survivors (5120K)
 Metaspace       used 19355K, capacity 19648K, committed 19968K, reserved 1067008K
  class space    used 2349K, capacity 2450K, committed 2560K, reserved 1048576K
}
Event: 5.459 GC heap after
{Heap after GC invocations=4 (full 0):
 garbage-first heap   total 131072K, used 16850K [0x0000000080000000, 0x0000000100000000)
  region size 1024K, 3 young (3072K), 3 survivors (3072K)
 Metaspace       used 19355K, capacity 19648K, committed 19968K, reserved 1067008K
  class space    used 2349K, capacity 2450K, committed 2560K, reserved 1048576K
}
Event: 5.684 GC heap before
{Heap before GC invocations=4 (full 0):
 garbage-first heap   total 131072K, used 28114K [0x0000000080000000, 0x0000000100000000)
  region size 1024K, 15 young (15360K), 3 survivors (3072K)
 Metaspace       used 20696K, capacity 21102K, committed 21296K, reserved 1069056K
  class space    used 2530K, capacity 2658K, committed 2688K, reserved 1048576K
}
Event: 5.691 GC heap after
{Heap after GC invocations=5 (full 0):
 garbage-first heap   total 131072K, used 17364K [0x0000000080000000, 0x0000000100000000)
  region size 1024K, 4 young (4096K), 4 survivors (4096K)
 Metaspace       used 20696K, capacity 21102K, committed 21296K, reserved 1069056K
  class space    used 2530K, capacity 2658K, committed 2688K, reserved 1048576K
}
Event: 6.551 GC heap before
{Heap before GC invocations=6 (full 0):
 garbage-first heap   total 131072K, used 67540K [0x0000000080000000, 0x0000000100000000)
  region size 1024K, 53 young (54272K), 4 survivors (4096K)
 Metaspace       used 25788K, capacity 26331K, committed 26368K, reserved 1073152K
  class space    used 3359K, capacity 3578K, committed 3584K, reserved 1048576K
}
Event: 6.560 GC heap after
{Heap after GC invocations=7 (full 0):
 garbage-first heap   total 131072K, used 19369K [0x0000000080000000, 0x0000000100000000)
  region size 1024K, 6 young (6144K), 6 survivors (6144K)
 Metaspace       used 25788K, capacity 26331K, committed 26368K, reserved 1073152K
  class space    used 3359K, capacity 3578K, committed 3584K, reserved 1048576K
}
Event: 7.709 GC heap before
{Heap before GC invocations=7 (full 0):
 garbage-first heap   total 131072K, used 72617K [0x0000000080000000, 0x0000000100000000)
  region size 1024K, 58 young (59392K), 6 survivors (6144K)
 Metaspace       used 31123K, capacity 31823K, committed 31872K, reserved 1077248K
  class space    used 4176K, capacity 4478K, committed 4480K, reserved 1048576K
}
Event: 7.722 GC heap after
{Heap after GC invocations=8 (full 0):
 garbage-first heap   total 131072K, used 21142K [0x0000000080000000, 0x0000000100000000)
  region size 1024K, 5 young (5120K), 5 survivors (5120K)
 Metaspace       used 31123K, capacity 31823K, committed 31872K, reserved 1077248K
  class space    used 4176K, capacity 4478K, committed 4480K, reserved 1048576K
}
Event: 8.287 GC heap before
{Heap before GC invocations=8 (full 0):
 garbage-first heap   total 131072K, used 32406K [0x0000000080000000, 0x0000000100000000)
  region size 1024K, 17 young (17408K), 5 survivors (5120K)
 Metaspace       used 35109K, capacity 35918K, committed 36048K, reserved 1081344K
  class space    used 4559K, capacity 4863K, committed 4864K, reserved 1048576K
}
Event: 8.301 GC heap after
{Heap after GC invocations=9 (full 0):
 garbage-first heap   total 131072K, used 22974K [0x0000000080000000, 0x0000000100000000)
  region size 1024K, 6 young (6144K), 6 survivors (6144K)
 Metaspace       used 35109K, capacity 35918K, committed 36048K, reserved 1081344K
  class space    used 4559K, capacity 4863K, committed 4864K, reserved 1048576K
}
Event: 9.654 GC heap before
{Heap before GC invocations=10 (full 0):
 garbage-first heap   total 131072K, used 86462K [0x0000000080000000, 0x0000000100000000)
  region size 1024K, 66 young (67584K), 6 survivors (6144K)
 Metaspace       used 39359K, capacity 40276K, committed 40476K, reserved 1085440K
  class space    used 5041K, capacity 5393K, committed 5504K, reserved 1048576K
}
Event: 9.676 GC heap after
{Heap after GC invocations=11 (full 0):
 garbage-first heap   total 131072K, used 28090K [0x0000000080000000, 0x0000000100000000)
  region size 1024K, 9 young (9216K), 9 survivors (9216K)
 Metaspace       used 39359K, capacity 40276K, committed 40476K, reserved 1085440K
  class space    used 5041K, capacity 5393K, committed 5504K, reserved 1048576K
}
Event: 11.077 GC heap before
{Heap before GC invocations=11 (full 0):
 garbage-first heap   total 131072K, used 89530K [0x0000000080000000, 0x0000000100000000)
  region size 1024K, 68 young (69632K), 9 survivors (9216K)
 Metaspace       used 45081K, capacity 46187K, committed 46364K, reserved 1089536K
  class space    used 5781K, capacity 6203K, committed 6272K, reserved 1048576K
}
Event: 11.098 GC heap after
{Heap after GC invocations=12 (full 0):
 garbage-first heap   total 157696K, used 30244K [0x0000000080000000, 0x0000000100000000)
  region size 1024K, 3 young (3072K), 3 survivors (3072K)
 Metaspace       used 45081K, capacity 46187K, committed 46364K, reserved 1089536K
  class space    used 5781K, capacity 6203K, committed 6272K, reserved 1048576K
}

