# JRE version: OpenJDK Runtime Environment (11.0.11+9) (build 11.0.11+9-b60-7590822)
# Java VM: OpenJDK 64-Bit Server VM (11.0.11+9-b60-7590822, mixed mode, tiered, compressed oops, g1 gc, windows-amd64)
Heap:
 garbage-first heap   total 131072K, used 65703K [0x0000000080000000, 0x0000000100000000)
  region size 1024K, 30 young (30720K), 9 survivors (9216K)
 Metaspace       used 57631K, capacity 59010K, committed 59136K, reserved 1099776K
  class space    used 7323K, capacity 7813K, committed 7936K, reserved 1048576K
GC Heap History (20 events):
Event: 7.306 GC heap before
{Heap before GC invocations=1 (full 0):
 garbage-first heap   total 131072K, used 19153K [0x0000000080000000, 0x0000000100000000)
  region size 1024K, 13 young (13312K), 2 survivors (2048K)
 Metaspace       used 9906K, capacity 10118K, committed 10368K, reserved 1058816K
  class space    used 1028K, capacity 1102K, committed 1152K, reserved 1048576K
}
Event: 7.313 GC heap after
{Heap after GC invocations=2 (full 0):
 garbage-first heap   total 131072K, used 9647K [0x0000000080000000, 0x0000000100000000)
  region size 1024K, 2 young (2048K), 2 survivors (2048K)
 Metaspace       used 9906K, capacity 10118K, committed 10368K, reserved 1058816K
  class space    used 1028K, capacity 1102K, committed 1152K, reserved 1048576K
}
Event: 8.836 GC heap before
{Heap before GC invocations=2 (full 0):
 garbage-first heap   total 131072K, used 38319K [0x0000000080000000, 0x0000000100000000)
  region size 1024K, 29 young (29696K), 2 survivors (2048K)
 Metaspace       used 10842K, capacity 11073K, committed 11264K, reserved 1058816K
  class space    used 1131K, capacity 1207K, committed 1280K, reserved 1048576K
}
Event: 8.841 GC heap after
{Heap after GC invocations=3 (full 0):
 garbage-first heap   total 131072K, used 12083K [0x0000000080000000, 0x0000000100000000)
  region size 1024K, 3 young (3072K), 3 survivors (3072K)
 Metaspace       used 10842K, capacity 11073K, committed 11264K, reserved 1058816K
  class space    used 1131K, capacity 1207K, committed 1280K, reserved 1048576K
}
Event: 11.547 GC heap before
{Heap before GC invocations=3 (full 0):
 garbage-first heap   total 131072K, used 50995K [0x0000000080000000, 0x0000000100000000)
  region size 1024K, 42 young (43008K), 3 survivors (3072K)
 Metaspace       used 17349K, capacity 17670K, committed 17792K, reserved 1064960K
  class space    used 2027K, capacity 2153K, committed 2176K, reserved 1048576K
}
Event: 11.560 GC heap after
{Heap after GC invocations=4 (full 0):
 garbage-first heap   total 131072K, used 16563K [0x0000000080000000, 0x0000000100000000)
  region size 1024K, 6 young (6144K), 6 survivors (6144K)
 Metaspace       used 17349K, capacity 17670K, committed 17792K, reserved 1064960K
  class space    used 2027K, capacity 2153K, committed 2176K, reserved 1048576K
}
Event: 12.370 GC heap before
{Heap before GC invocations=4 (full 0):
 garbage-first heap   total 131072K, used 46259K [0x0000000080000000, 0x0000000100000000)
  region size 1024K, 36 young (36864K), 6 survivors (6144K)
 Metaspace       used 20720K, capacity 21079K, committed 21248K, reserved 1067008K
  class space    used 2541K, capacity 2693K, committed 2816K, reserved 1048576K
}
Event: 12.382 GC heap after
{Heap after GC invocations=5 (full 0):
 garbage-first heap   total 131072K, used 17597K [0x0000000080000000, 0x0000000100000000)
  region size 1024K, 5 young (5120K), 5 survivors (5120K)
 Metaspace       used 20720K, capacity 21079K, committed 21248K, reserved 1067008K
  class space    used 2541K, capacity 2693K, committed 2816K, reserved 1048576K
}
Event: 13.878 GC heap before
{Heap before GC invocations=6 (full 0):
 garbage-first heap   total 131072K, used 70845K [0x0000000080000000, 0x0000000100000000)
  region size 1024K, 57 young (58368K), 5 survivors (5120K)
 Metaspace       used 26156K, capacity 26701K, committed 27008K, reserved 1073152K
  class space    used 3418K, capacity 3616K, committed 3712K, reserved 1048576K
}
Event: 13.896 GC heap after
{Heap after GC invocations=7 (full 0):
 garbage-first heap   total 131072K, used 19715K [0x0000000080000000, 0x0000000100000000)
  region size 1024K, 4 young (4096K), 4 survivors (4096K)
 Metaspace       used 26156K, capacity 26701K, committed 27008K, reserved 1073152K
  class space    used 3418K, capacity 3616K, committed 3712K, reserved 1048576K
}
Event: 15.850 GC heap before
{Heap before GC invocations=8 (full 0):
 garbage-first heap   total 131072K, used 78083K [0x0000000080000000, 0x0000000100000000)
  region size 1024K, 61 young (62464K), 4 survivors (4096K)
 Metaspace       used 35189K, capacity 35982K, committed 36224K, reserved 1081344K
  class space    used 4592K, capacity 4927K, committed 4992K, reserved 1048576K
}
Event: 15.865 GC heap after
{Heap after GC invocations=9 (full 0):
 garbage-first heap   total 131072K, used 23265K [0x0000000080000000, 0x0000000100000000)
  region size 1024K, 7 young (7168K), 7 survivors (7168K)
 Metaspace       used 35189K, capacity 35982K, committed 36224K, reserved 1081344K
  class space    used 4592K, capacity 4927K, committed 4992K, reserved 1048576K
}
Event: 18.016 GC heap before
{Heap before GC invocations=9 (full 0):
 garbage-first heap   total 131072K, used 94945K [0x0000000080000000, 0x0000000100000000)
  region size 1024K, 75 young (76800K), 7 survivors (7168K)
 Metaspace       used 40403K, capacity 41344K, committed 41472K, reserved 1085440K
  class space    used 5165K, capacity 5536K, committed 5632K, reserved 1048576K
}
Event: 18.039 GC heap after
{Heap after GC invocations=10 (full 0):
 garbage-first heap   total 131072K, used 29131K [0x0000000080000000, 0x0000000100000000)
  region size 1024K, 10 young (10240K), 10 survivors (10240K)
 Metaspace       used 40403K, capacity 41344K, committed 41472K, reserved 1085440K
  class space    used 5165K, capacity 5536K, committed 5632K, reserved 1048576K
}
Event: 19.491 GC heap before
{Heap before GC invocations=10 (full 0):
 garbage-first heap   total 131072K, used 61899K [0x0000000080000000, 0x0000000100000000)
  region size 1024K, 42 young (43008K), 10 survivors (10240K)
 Metaspace       used 43843K, capacity 44891K, committed 44928K, reserved 1087488K
  class space    used 5588K, capacity 5983K, committed 6016K, reserved 1048576K
}
Event: 19.523 GC heap after
{Heap after GC invocations=11 (full 0):
 garbage-first heap   total 131072K, used 29615K [0x0000000080000000, 0x0000000100000000)
  region size 1024K, 2 young (2048K), 2 survivors (2048K)
 Metaspace       used 43843K, capacity 44891K, committed 44928K, reserved 1087488K
  class space    used 5588K, capacity 5983K, committed 6016K, reserved 1048576K
}
Event: 21.563 GC heap before
{Heap before GC invocations=12 (full 0):
 garbage-first heap   total 131072K, used 97199K [0x0000000080000000, 0x0000000100000000)
  region size 1024K, 68 young (69632K), 2 survivors (2048K)
 Metaspace       used 47667K, capacity 48845K, committed 49152K, reserved 1091584K
  class space    used 6088K, capacity 6533K, committed 6656K, reserved 1048576K
}
Event: 21.574 GC heap after
{Heap after GC invocations=13 (full 0):
 garbage-first heap   total 131072K, used 31958K [0x0000000080000000, 0x0000000100000000)
  region size 1024K, 4 young (4096K), 4 survivors (4096K)
 Metaspace       used 47667K, capacity 48845K, committed 49152K, reserved 1091584K
  class space    used 6088K, capacity 6533K, committed 6656K, reserved 1048576K
}
Event: 23.670 GC heap before
{Heap before GC invocations=13 (full 0):
 garbage-first heap   total 131072K, used 104662K [0x0000000080000000, 0x0000000100000000)
  region size 1024K, 71 young (72704K), 4 survivors (4096K)
 Metaspace       used 54527K, capacity 55898K, committed 56064K, reserved 1097728K
  class space    used 6937K, capacity 7419K, committed 7424K, reserved 1048576K
}
Event: 23.687 GC heap after
{Heap after GC invocations=14 (full 0):
 garbage-first heap   total 131072K, used 45223K [0x0000000080000000, 0x0000000100000000)
  region size 1024K, 9 young (9216K), 9 survivors (9216K)
 Metaspace       used 54527K, capacity 55898K, committed 56064K, reserved 1097728K
  class space    used 6937K, capacity 7419K, committed 7424K, reserved 1048576K
}

