# JRE version: OpenJDK Runtime Environment (11.0.11+9) (build 11.0.11+9-b60-7590822)
# Java VM: OpenJDK 64-Bit Server VM (11.0.11+9-b60-7590822, mixed mode, tiered, compressed oops, g1 gc, windows-amd64)
Heap:
 garbage-first heap   total 157696K, used 27643K [0x0000000080000000, 0x0000000100000000)
  region size 1024K, 7 young (7168K), 7 survivors (7168K)
 Metaspace       used 38813K, capacity 39675K, committed 39888K, reserved 1083392K
  class space    used 4950K, capacity 5280K, committed 5376K, reserved 1048576K
GC Heap History (17 events):
Event: 1.243 GC heap before
{Heap before GC invocations=0 (full 0):
 garbage-first heap   total 131072K, used 20480K [0x0000000080000000, 0x0000000100000000)
  region size 1024K, 14 young (14336K), 0 survivors (0K)
 Metaspace       used 6733K, capacity 6925K, committed 7168K, reserved 1056768K
  class space    used 582K, capacity 650K, committed 768K, reserved 1048576K
}
Event: 1.277 GC heap after
{Heap after GC invocations=1 (full 0):
 garbage-first heap   total 131072K, used 7888K [0x0000000080000000, 0x0000000100000000)
  region size 1024K, 2 young (2048K), 2 survivors (2048K)
 Metaspace       used 6733K, capacity 6925K, committed 7168K, reserved 1056768K
  class space    used 582K, capacity 650K, committed 768K, reserved 1048576K
}
Event: 1.906 GC heap before
{Heap before GC invocations=1 (full 0):
 garbage-first heap   total 131072K, used 19152K [0x0000000080000000, 0x0000000100000000)
  region size 1024K, 13 young (13312K), 2 survivors (2048K)
 Metaspace       used 9879K, capacity 10118K, committed 10368K, reserved 1058816K
  class space    used 1028K, capacity 1102K, committed 1152K, reserved 1048576K
}
Event: 1.910 GC heap after
{Heap after GC invocations=2 (full 0):
 garbage-first heap   total 131072K, used 9490K [0x0000000080000000, 0x0000000100000000)
  region size 1024K, 2 young (2048K), 2 survivors (2048K)
 Metaspace       used 9879K, capacity 10118K, committed 10368K, reserved 1058816K
  class space    used 1028K, capacity 1102K, committed 1152K, reserved 1048576K
}
Event: 3.028 GC heap before
{Heap before GC invocations=2 (full 0):
 garbage-first heap   total 131072K, used 37138K [0x0000000080000000, 0x0000000100000000)
  region size 1024K, 29 young (29696K), 2 survivors (2048K)
 Metaspace       used 10843K, capacity 11073K, committed 11264K, reserved 1058816K
  class space    used 1131K, capacity 1207K, committed 1280K, reserved 1048576K
}
Event: 3.032 GC heap after
{Heap after GC invocations=3 (full 0):
 garbage-first heap   total 131072K, used 11963K [0x0000000080000000, 0x0000000100000000)
  region size 1024K, 3 young (3072K), 3 survivors (3072K)
 Metaspace       used 10843K, capacity 11073K, committed 11264K, reserved 1058816K
  class space    used 1131K, capacity 1207K, committed 1280K, reserved 1048576K
}
Event: 5.831 GC heap before
{Heap before GC invocations=3 (full 0):
 garbage-first heap   total 131072K, used 55995K [0x0000000080000000, 0x0000000100000000)
  region size 1024K, 47 young (48128K), 3 survivors (3072K)
 Metaspace       used 17631K, capacity 17990K, committed 18176K, reserved 1064960K
  class space    used 2076K, capacity 2217K, committed 2304K, reserved 1048576K
}
Event: 5.845 GC heap after
{Heap after GC invocations=4 (full 0):
 garbage-first heap   total 131072K, used 16542K [0x0000000080000000, 0x0000000100000000)
  region size 1024K, 6 young (6144K), 6 survivors (6144K)
 Metaspace       used 17631K, capacity 17990K, committed 18176K, reserved 1064960K
  class space    used 2076K, capacity 2217K, committed 2304K, reserved 1048576K
}
Event: 6.431 GC heap before
{Heap before GC invocations=4 (full 0):
 garbage-first heap   total 131072K, used 42142K [0x0000000080000000, 0x0000000100000000)
  region size 1024K, 32 young (32768K), 6 survivors (6144K)
 Metaspace       used 20682K, capacity 21102K, committed 21296K, reserved 1069056K
  class space    used 2529K, capacity 2658K, committed 2688K, reserved 1048576K
}
Event: 6.444 GC heap after
{Heap after GC invocations=5 (full 0):
 garbage-first heap   total 131072K, used 17237K [0x0000000080000000, 0x0000000100000000)
  region size 1024K, 5 young (5120K), 5 survivors (5120K)
 Metaspace       used 20682K, capacity 21102K, committed 21296K, reserved 1069056K
  class space    used 2529K, capacity 2658K, committed 2688K, reserved 1048576K
}
Event: 7.628 GC heap before
{Heap before GC invocations=6 (full 0):
 garbage-first heap   total 131072K, used 66389K [0x0000000080000000, 0x0000000100000000)
  region size 1024K, 53 young (54272K), 5 survivors (5120K)
 Metaspace       used 25653K, capacity 26266K, committed 26368K, reserved 1073152K
  class space    used 3332K, capacity 3534K, committed 3584K, reserved 1048576K
}
Event: 7.639 GC heap after
{Heap after GC invocations=7 (full 0):
 garbage-first heap   total 131072K, used 19240K [0x0000000080000000, 0x0000000100000000)
  region size 1024K, 3 young (3072K), 3 survivors (3072K)
 Metaspace       used 25653K, capacity 26266K, committed 26368K, reserved 1073152K
  class space    used 3332K, capacity 3534K, committed 3584K, reserved 1048576K
}
Event: 9.426 GC heap before
{Heap before GC invocations=7 (full 0):
 garbage-first heap   total 131072K, used 75560K [0x0000000080000000, 0x0000000100000000)
  region size 1024K, 58 young (59392K), 3 survivors (3072K)
 Metaspace       used 31534K, capacity 32274K, committed 32512K, reserved 1077248K
  class space    used 4210K, capacity 4500K, committed 4608K, reserved 1048576K
}
Event: 9.437 GC heap after
{Heap after GC invocations=8 (full 0):
 garbage-first heap   total 131072K, used 21374K [0x0000000080000000, 0x0000000100000000)
  region size 1024K, 5 young (5120K), 5 survivors (5120K)
 Metaspace       used 31534K, capacity 32274K, committed 32512K, reserved 1077248K
  class space    used 4210K, capacity 4500K, committed 4608K, reserved 1048576K
}
Event: 9.939 GC heap before
{Heap before GC invocations=8 (full 0):
 garbage-first heap   total 131072K, used 30590K [0x0000000080000000, 0x0000000100000000)
  region size 1024K, 15 young (15360K), 5 survivors (5120K)
 Metaspace       used 35101K, capacity 35918K, committed 36048K, reserved 1081344K
  class space    used 4555K, capacity 4863K, committed 4864K, reserved 1048576K
}
Event: 9.956 GC heap after
{Heap after GC invocations=9 (full 0):
 garbage-first heap   total 131072K, used 23048K [0x0000000080000000, 0x0000000100000000)
  region size 1024K, 6 young (6144K), 6 survivors (6144K)
 Metaspace       used 35101K, capacity 35918K, committed 36048K, reserved 1081344K
  class space    used 4555K, capacity 4863K, committed 4864K, reserved 1048576K
}
Event: 11.427 GC heap before
{Heap before GC invocations=10 (full 0):
 garbage-first heap   total 131072K, used 76296K [0x0000000080000000, 0x0000000100000000)
  region size 1024K, 56 young (57344K), 6 survivors (6144K)
 Metaspace       used 38813K, capacity 39675K, committed 39888K, reserved 1083392K
  class space    used 4950K, capacity 5280K, committed 5376K, reserved 1048576K
}

