# JRE version: OpenJDK Runtime Environment (11.0.11+9) (build 11.0.11+9-b60-7590822)
# Java VM: OpenJDK 64-Bit Server VM (11.0.11+9-b60-7590822, mixed mode, tiered, compressed oops, g1 gc, windows-amd64)
Heap:
 garbage-first heap   total 157696K, used 45821K [0x0000000080000000, 0x0000000100000000)
  region size 1024K, 7 young (7168K), 7 survivors (7168K)
 Metaspace       used 43174K, capacity 44469K, committed 44564K, reserved 1087488K
  class space    used 5548K, capacity 5998K, committed 6092K, reserved 1048576K
GC Heap History (19 events):
Event: 1.629 GC heap before
{Heap before GC invocations=0 (full 0):
 garbage-first heap   total 131072K, used 20480K [0x0000000080000000, 0x0000000100000000)
  region size 1024K, 14 young (14336K), 0 survivors (0K)
 Metaspace       used 6730K, capacity 6925K, committed 7168K, reserved 1056768K
  class space    used 582K, capacity 650K, committed 768K, reserved 1048576K
}
Event: 1.637 GC heap after
{Heap after GC invocations=1 (full 0):
 garbage-first heap   total 131072K, used 7588K [0x0000000080000000, 0x0000000100000000)
  region size 1024K, 2 young (2048K), 2 survivors (2048K)
 Metaspace       used 6730K, capacity 6925K, committed 7168K, reserved 1056768K
  class space    used 582K, capacity 650K, committed 768K, reserved 1048576K
}
Event: 2.473 GC heap before
{Heap before GC invocations=1 (full 0):
 garbage-first heap   total 131072K, used 19876K [0x0000000080000000, 0x0000000100000000)
  region size 1024K, 14 young (14336K), 2 survivors (2048K)
 Metaspace       used 9901K, capacity 10118K, committed 10368K, reserved 1058816K
  class space    used 1028K, capacity 1102K, committed 1152K, reserved 1048576K
}
Event: 2.479 GC heap after
{Heap after GC invocations=2 (full 0):
 garbage-first heap   total 131072K, used 9386K [0x0000000080000000, 0x0000000100000000)
  region size 1024K, 2 young (2048K), 2 survivors (2048K)
 Metaspace       used 9901K, capacity 10118K, committed 10368K, reserved 1058816K
  class space    used 1028K, capacity 1102K, committed 1152K, reserved 1048576K
}
Event: 3.600 GC heap before
{Heap before GC invocations=2 (full 0):
 garbage-first heap   total 131072K, used 39082K [0x0000000080000000, 0x0000000100000000)
  region size 1024K, 31 young (31744K), 2 survivors (2048K)
 Metaspace       used 10835K, capacity 11009K, committed 11264K, reserved 1058816K
  class space    used 1131K, capacity 1207K, committed 1280K, reserved 1048576K
}
Event: 3.605 GC heap after
{Heap after GC invocations=3 (full 0):
 garbage-first heap   total 131072K, used 11894K [0x0000000080000000, 0x0000000100000000)
  region size 1024K, 3 young (3072K), 3 survivors (3072K)
 Metaspace       used 10835K, capacity 11009K, committed 11264K, reserved 1058816K
  class space    used 1131K, capacity 1207K, committed 1280K, reserved 1048576K
}
Event: 7.664 GC heap before
{Heap before GC invocations=3 (full 0):
 garbage-first heap   total 131072K, used 58998K [0x0000000080000000, 0x0000000100000000)
  region size 1024K, 49 young (50176K), 3 survivors (3072K)
 Metaspace       used 18591K, capacity 19042K, committed 19328K, reserved 1067008K
  class space    used 2217K, capacity 2366K, committed 2432K, reserved 1048576K
}
Event: 7.682 GC heap after
{Heap after GC invocations=4 (full 0):
 garbage-first heap   total 131072K, used 16416K [0x0000000080000000, 0x0000000100000000)
  region size 1024K, 7 young (7168K), 7 survivors (7168K)
 Metaspace       used 18591K, capacity 19042K, committed 19328K, reserved 1067008K
  class space    used 2217K, capacity 2366K, committed 2432K, reserved 1048576K
}
Event: 8.378 GC heap before
{Heap before GC invocations=4 (full 0):
 garbage-first heap   total 131072K, used 33824K [0x0000000080000000, 0x0000000100000000)
  region size 1024K, 25 young (25600K), 7 survivors (7168K)
 Metaspace       used 20672K, capacity 21116K, committed 21296K, reserved 1069056K
  class space    used 2528K, capacity 2674K, committed 2688K, reserved 1048576K
}
Event: 8.406 GC heap after
{Heap after GC invocations=5 (full 0):
 garbage-first heap   total 131072K, used 17263K [0x0000000080000000, 0x0000000100000000)
  region size 1024K, 1 young (1024K), 1 survivors (1024K)
 Metaspace       used 20672K, capacity 21116K, committed 21296K, reserved 1069056K
  class space    used 2528K, capacity 2674K, committed 2688K, reserved 1048576K
}
Event: 10.168 GC heap before
{Heap before GC invocations=6 (full 0):
 garbage-first heap   total 131072K, used 65391K [0x0000000080000000, 0x0000000100000000)
  region size 1024K, 48 young (49152K), 1 survivors (1024K)
 Metaspace       used 25488K, capacity 26109K, committed 26288K, reserved 1073152K
  class space    used 3306K, capacity 3514K, committed 3584K, reserved 1048576K
}
Event: 10.178 GC heap after
{Heap after GC invocations=7 (full 0):
 garbage-first heap   total 131072K, used 18837K [0x0000000080000000, 0x0000000100000000)
  region size 1024K, 3 young (3072K), 3 survivors (3072K)
 Metaspace       used 25488K, capacity 26109K, committed 26288K, reserved 1073152K
  class space    used 3306K, capacity 3514K, committed 3584K, reserved 1048576K
}
Event: 13.029 GC heap before
{Heap before GC invocations=7 (full 0):
 garbage-first heap   total 131072K, used 79253K [0x0000000080000000, 0x0000000100000000)
  region size 1024K, 53 young (54272K), 3 survivors (3072K)
 Metaspace       used 29895K, capacity 30702K, committed 30896K, reserved 1075200K
  class space    used 4003K, capacity 4321K, committed 4352K, reserved 1048576K
}
Event: 13.039 GC heap after
{Heap after GC invocations=8 (full 0):
 garbage-first heap   total 131072K, used 32848K [0x0000000080000000, 0x0000000100000000)
  region size 1024K, 7 young (7168K), 7 survivors (7168K)
 Metaspace       used 29895K, capacity 30702K, committed 30896K, reserved 1075200K
  class space    used 4003K, capacity 4321K, committed 4352K, reserved 1048576K
}
Event: 14.607 GC heap before
{Heap before GC invocations=8 (full 0):
 garbage-first heap   total 131072K, used 58448K [0x0000000080000000, 0x0000000100000000)
  region size 1024K, 33 young (33792K), 7 survivors (7168K)
 Metaspace       used 34614K, capacity 35554K, committed 35632K, reserved 1079296K
  class space    used 4543K, capacity 4917K, committed 4992K, reserved 1048576K
}
Event: 14.636 GC heap after
{Heap after GC invocations=9 (full 0):
 garbage-first heap   total 131072K, used 35357K [0x0000000080000000, 0x0000000100000000)
  region size 1024K, 3 young (3072K), 3 survivors (3072K)
 Metaspace       used 34614K, capacity 35554K, committed 35632K, reserved 1079296K
  class space    used 4543K, capacity 4917K, committed 4992K, reserved 1048576K
}
Event: 16.816 GC heap before
{Heap before GC invocations=10 (full 0):
 garbage-first heap   total 131072K, used 81437K [0x0000000080000000, 0x0000000100000000)
  region size 1024K, 46 young (47104K), 3 survivors (3072K)
 Metaspace       used 40066K, capacity 41154K, committed 41492K, reserved 1085440K
  class space    used 5077K, capacity 5479K, committed 5580K, reserved 1048576K
}
Event: 16.842 GC heap after
{Heap after GC invocations=11 (full 0):
 garbage-first heap   total 131072K, used 39723K [0x0000000080000000, 0x0000000100000000)
  region size 1024K, 6 young (6144K), 6 survivors (6144K)
 Metaspace       used 40066K, capacity 41154K, committed 41492K, reserved 1085440K
  class space    used 5077K, capacity 5479K, committed 5580K, reserved 1048576K
}
Event: 19.330 GC heap before
{Heap before GC invocations=12 (full 0):
 garbage-first heap   total 131072K, used 86827K [0x0000000080000000, 0x0000000100000000)
  region size 1024K, 50 young (51200K), 6 survivors (6144K)
 Metaspace       used 43174K, capacity 44469K, committed 44564K, reserved 1087488K
  class space    used 5548K, capacity 5998K, committed 6092K, reserved 1048576K
}

