# JRE version: OpenJDK Runtime Environment (11.0.11+9) (build 11.0.11+9-b60-7590822)
# Java VM: OpenJDK 64-Bit Server VM (11.0.11+9-b60-7590822, mixed mode, tiered, compressed oops, g1 gc, windows-amd64)
Heap:
 garbage-first heap   total 335872K, used 231316K [0x0000000080000000, 0x0000000100000000)
  region size 1024K, 45 young (46080K), 6 survivors (6144K)
 Metaspace       used 104500K, capacity 107440K, committed 107688K, reserved 1142784K
  class space    used 13627K, capacity 14800K, committed 14924K, reserved 1048576K
GC Heap History (20 events):
Event: 51.506 GC heap before
{Heap before GC invocations=40 (full 0):
 garbage-first heap   total 232448K, used 144767K [0x0000000080000000, 0x0000000100000000)
  region size 1024K, 11 young (11264K), 5 survivors (5120K)
 Metaspace       used 95364K, capacity 97820K, committed 97832K, reserved 1134592K
  class space    used 12565K, capacity 13506K, committed 13516K, reserved 1048576K
}
Event: 51.530 GC heap after
{Heap after GC invocations=41 (full 0):
 garbage-first heap   total 232448K, used 139694K [0x0000000080000000, 0x0000000100000000)
  region size 1024K, 2 young (2048K), 2 survivors (2048K)
 Metaspace       used 95364K, capacity 97820K, committed 97832K, reserved 1134592K
  class space    used 12565K, capacity 13506K, committed 13516K, reserved 1048576K
}
Event: 51.829 GC heap before
{Heap before GC invocations=41 (full 0):
 garbage-first heap   total 232448K, used 147886K [0x0000000080000000, 0x0000000100000000)
  region size 1024K, 11 young (11264K), 2 survivors (2048K)
 Metaspace       used 95368K, capacity 97824K, committed 98088K, reserved 1134592K
  class space    used 12566K, capacity 13507K, committed 13516K, reserved 1048576K
}
Event: 51.835 GC heap after
{Heap after GC invocations=42 (full 0):
 garbage-first heap   total 232448K, used 140190K [0x0000000080000000, 0x0000000100000000)
  region size 1024K, 2 young (2048K), 2 survivors (2048K)
 Metaspace       used 95368K, capacity 97824K, committed 98088K, reserved 1134592K
  class space    used 12566K, capacity 13507K, committed 13516K, reserved 1048576K
}
Event: 52.784 GC heap before
{Heap before GC invocations=43 (full 0):
 garbage-first heap   total 232448K, used 175006K [0x0000000080000000, 0x0000000100000000)
  region size 1024K, 34 young (34816K), 2 survivors (2048K)
 Metaspace       used 95654K, capacity 98125K, committed 98216K, reserved 1134592K
  class space    used 12600K, capacity 13563K, committed 13644K, reserved 1048576K
}
Event: 52.793 GC heap after
{Heap after GC invocations=44 (full 0):
 garbage-first heap   total 232448K, used 148459K [0x0000000080000000, 0x0000000100000000)
  region size 1024K, 5 young (5120K), 5 survivors (5120K)
 Metaspace       used 95654K, capacity 98125K, committed 98216K, reserved 1134592K
  class space    used 12600K, capacity 13563K, committed 13644K, reserved 1048576K
}
Event: 52.826 GC heap before
{Heap before GC invocations=44 (full 0):
 garbage-first heap   total 232448K, used 154603K [0x0000000080000000, 0x0000000100000000)
  region size 1024K, 11 young (11264K), 5 survivors (5120K)
 Metaspace       used 95654K, capacity 98125K, committed 98216K, reserved 1134592K
  class space    used 12600K, capacity 13563K, committed 13644K, reserved 1048576K
}
Event: 52.836 GC heap after
{Heap after GC invocations=45 (full 0):
 garbage-first heap   total 232448K, used 150078K [0x0000000080000000, 0x0000000100000000)
  region size 1024K, 2 young (2048K), 2 survivors (2048K)
 Metaspace       used 95654K, capacity 98125K, committed 98216K, reserved 1134592K
  class space    used 12600K, capacity 13563K, committed 13644K, reserved 1048576K
}
Event: 53.203 GC heap before
{Heap before GC invocations=45 (full 0):
 garbage-first heap   total 232448K, used 186942K [0x0000000080000000, 0x0000000100000000)
  region size 1024K, 31 young (31744K), 2 survivors (2048K)
 Metaspace       used 95731K, capacity 98257K, committed 98472K, reserved 1134592K
  class space    used 12602K, capacity 13564K, committed 13644K, reserved 1048576K
}
Event: 53.214 GC heap after
{Heap after GC invocations=46 (full 0):
 garbage-first heap   total 232448K, used 160580K [0x0000000080000000, 0x0000000100000000)
  region size 1024K, 4 young (4096K), 4 survivors (4096K)
 Metaspace       used 95731K, capacity 98257K, committed 98472K, reserved 1134592K
  class space    used 12602K, capacity 13564K, committed 13644K, reserved 1048576K
}
Event: 54.153 GC heap before
{Heap before GC invocations=46 (full 0):
 garbage-first heap   total 232448K, used 186180K [0x0000000080000000, 0x0000000100000000)
  region size 1024K, 30 young (30720K), 4 survivors (4096K)
 Metaspace       used 96415K, capacity 98895K, committed 98984K, reserved 1134592K
  class space    used 12668K, capacity 13606K, committed 13644K, reserved 1048576K
}
Event: 54.169 GC heap after
{Heap after GC invocations=47 (full 0):
 garbage-first heap   total 279552K, used 160812K [0x0000000080000000, 0x0000000100000000)
  region size 1024K, 4 young (4096K), 4 survivors (4096K)
 Metaspace       used 96415K, capacity 98895K, committed 98984K, reserved 1134592K
  class space    used 12668K, capacity 13606K, committed 13644K, reserved 1048576K
}
Event: 55.052 GC heap before
{Heap before GC invocations=48 (full 0):
 garbage-first heap   total 279552K, used 204844K [0x0000000080000000, 0x0000000100000000)
  region size 1024K, 48 young (49152K), 4 survivors (4096K)
 Metaspace       used 96993K, capacity 99521K, committed 99624K, reserved 1134592K
  class space    used 12733K, capacity 13676K, committed 13772K, reserved 1048576K
}
Event: 55.065 GC heap after
{Heap after GC invocations=49 (full 0):
 garbage-first heap   total 279552K, used 160057K [0x0000000080000000, 0x0000000100000000)
  region size 1024K, 3 young (3072K), 3 survivors (3072K)
 Metaspace       used 96993K, capacity 99521K, committed 99624K, reserved 1134592K
  class space    used 12733K, capacity 13676K, committed 13772K, reserved 1048576K
}
Event: 56.176 GC heap before
{Heap before GC invocations=49 (full 0):
 garbage-first heap   total 279552K, used 212281K [0x0000000080000000, 0x0000000100000000)
  region size 1024K, 51 young (52224K), 3 survivors (3072K)
 Metaspace       used 98213K, capacity 100727K, committed 101032K, reserved 1136640K
  class space    used 12868K, capacity 13832K, committed 13900K, reserved 1048576K
}
Event: 56.201 GC heap after
{Heap after GC invocations=50 (full 0):
 garbage-first heap   total 279552K, used 172780K [0x0000000080000000, 0x0000000100000000)
  region size 1024K, 7 young (7168K), 7 survivors (7168K)
 Metaspace       used 98213K, capacity 100727K, committed 101032K, reserved 1136640K
  class space    used 12868K, capacity 13832K, committed 13900K, reserved 1048576K
}
Event: 57.253 GC heap before
{Heap before GC invocations=50 (full 0):
 garbage-first heap   total 279552K, used 215788K [0x0000000080000000, 0x0000000100000000)
  region size 1024K, 50 young (51200K), 7 survivors (7168K)
 Metaspace       used 102007K, capacity 104798K, committed 105000K, reserved 1140736K
  class space    used 13376K, capacity 14489K, committed 14540K, reserved 1048576K
}
Event: 57.284 GC heap after
{Heap after GC invocations=51 (full 0):
 garbage-first heap   total 279552K, used 180224K [0x0000000080000000, 0x0000000100000000)
  region size 1024K, 7 young (7168K), 7 survivors (7168K)
 Metaspace       used 102007K, capacity 104798K, committed 105000K, reserved 1140736K
  class space    used 13376K, capacity 14489K, committed 14540K, reserved 1048576K
}
Event: 58.334 GC heap before
{Heap before GC invocations=51 (full 0):
 garbage-first heap   total 279552K, used 222208K [0x0000000080000000, 0x0000000100000000)
  region size 1024K, 48 young (49152K), 7 survivors (7168K)
 Metaspace       used 102619K, capacity 105502K, committed 105768K, reserved 1140736K
  class space    used 13398K, capacity 14504K, committed 14540K, reserved 1048576K
}
Event: 58.369 GC heap after
{Heap after GC invocations=52 (full 0):
 garbage-first heap   total 335872K, used 182164K [0x0000000080000000, 0x0000000100000000)
  region size 1024K, 6 young (6144K), 6 survivors (6144K)
 Metaspace       used 102619K, capacity 105502K, committed 105768K, reserved 1140736K
  class space    used 13398K, capacity 14504K, committed 14540K, reserved 1048576K
}

