# JRE version: OpenJDK Runtime Environment (11.0.11+9) (build 11.0.11+9-b60-7590822)
# Java VM: OpenJDK 64-Bit Server VM (11.0.11+9-b60-7590822, mixed mode, tiered, compressed oops, g1 gc, windows-amd64)
Heap:
 garbage-first heap   total 227328K, used 111885K [0x0000000080000000, 0x0000000100000000)
  region size 1024K, 25 young (25600K), 1 survivors (1024K)
 Metaspace       used 128186K, capacity 132736K, committed 132844K, reserved 1165312K
  class space    used 15746K, capacity 17400K, committed 17432K, reserved 1048576K
GC Heap History (20 events):
Event: 3672.847 GC heap before
{Heap before GC invocations=181 (full 0):
 garbage-first heap   total 227328K, used 93737K [0x0000000080000000, 0x0000000100000000)
  region size 1024K, 8 young (8192K), 1 survivors (1024K)
 Metaspace       used 127805K, capacity 132339K, committed 132588K, reserved 1165312K
  class space    used 15744K, capacity 17400K, committed 17432K, reserved 1048576K
}
Event: 3672.852 GC heap after
{Heap after GC invocations=182 (full 0):
 garbage-first heap   total 227328K, used 87607K [0x0000000080000000, 0x0000000100000000)
  region size 1024K, 1 young (1024K), 1 survivors (1024K)
 Metaspace       used 127805K, capacity 132339K, committed 132588K, reserved 1165312K
  class space    used 15744K, capacity 17400K, committed 17432K, reserved 1048576K
}
Event: 3735.601 GC heap before
{Heap before GC invocations=183 (full 0):
 garbage-first heap   total 227328K, used 142903K [0x0000000080000000, 0x0000000100000000)
  region size 1024K, 50 young (51200K), 1 survivors (1024K)
 Metaspace       used 127885K, capacity 132405K, committed 132588K, reserved 1165312K
  class space    used 15744K, capacity 17400K, committed 17432K, reserved 1048576K
}
Event: 3735.628 GC heap after
{Heap after GC invocations=184 (full 0):
 garbage-first heap   total 227328K, used 93618K [0x0000000080000000, 0x0000000100000000)
  region size 1024K, 7 young (7168K), 7 survivors (7168K)
 Metaspace       used 127885K, capacity 132405K, committed 132588K, reserved 1165312K
  class space    used 15744K, capacity 17400K, committed 17432K, reserved 1048576K
}
Event: 3763.113 GC heap before
{Heap before GC invocations=185 (full 0):
 garbage-first heap   total 227328K, used 163250K [0x0000000080000000, 0x0000000100000000)
  region size 1024K, 69 young (70656K), 7 survivors (7168K)
 Metaspace       used 127915K, capacity 132405K, committed 132588K, reserved 1165312K
  class space    used 15744K, capacity 17400K, committed 17432K, reserved 1048576K
}
Event: 3763.120 GC heap after
{Heap after GC invocations=186 (full 0):
 garbage-first heap   total 227328K, used 90352K [0x0000000080000000, 0x0000000100000000)
  region size 1024K, 3 young (3072K), 3 survivors (3072K)
 Metaspace       used 127915K, capacity 132405K, committed 132588K, reserved 1165312K
  class space    used 15744K, capacity 17400K, committed 17432K, reserved 1048576K
}
Event: 3763.170 GC heap before
{Heap before GC invocations=186 (full 0):
 garbage-first heap   total 227328K, used 97520K [0x0000000080000000, 0x0000000100000000)
  region size 1024K, 11 young (11264K), 3 survivors (3072K)
 Metaspace       used 127915K, capacity 132405K, committed 132588K, reserved 1165312K
  class space    used 15744K, capacity 17400K, committed 17432K, reserved 1048576K
}
Event: 3763.199 GC heap after
{Heap after GC invocations=187 (full 0):
 garbage-first heap   total 227328K, used 89146K [0x0000000080000000, 0x0000000100000000)
  region size 1024K, 1 young (1024K), 1 survivors (1024K)
 Metaspace       used 127915K, capacity 132405K, committed 132588K, reserved 1165312K
  class space    used 15744K, capacity 17400K, committed 17432K, reserved 1048576K
}
Event: 3763.606 GC heap before
{Heap before GC invocations=187 (full 0):
 garbage-first heap   total 227328K, used 118842K [0x0000000080000000, 0x0000000100000000)
  region size 1024K, 31 young (31744K), 1 survivors (1024K)
 Metaspace       used 127947K, capacity 132469K, committed 132588K, reserved 1165312K
  class space    used 15745K, capacity 17400K, committed 17432K, reserved 1048576K
}
Event: 3763.636 GC heap after
{Heap after GC invocations=188 (full 0):
 garbage-first heap   total 227328K, used 93754K [0x0000000080000000, 0x0000000100000000)
  region size 1024K, 6 young (6144K), 6 survivors (6144K)
 Metaspace       used 127947K, capacity 132469K, committed 132588K, reserved 1165312K
  class space    used 15745K, capacity 17400K, committed 17432K, reserved 1048576K
}
Event: 3788.794 GC heap before
{Heap before GC invocations=189 (full 0):
 garbage-first heap   total 227328K, used 164410K [0x0000000080000000, 0x0000000100000000)
  region size 1024K, 68 young (69632K), 6 survivors (6144K)
 Metaspace       used 128005K, capacity 132534K, committed 132588K, reserved 1165312K
  class space    used 15745K, capacity 17400K, committed 17432K, reserved 1048576K
}
Event: 3788.810 GC heap after
{Heap after GC invocations=190 (full 0):
 garbage-first heap   total 227328K, used 95902K [0x0000000080000000, 0x0000000100000000)
  region size 1024K, 3 young (3072K), 3 survivors (3072K)
 Metaspace       used 128005K, capacity 132534K, committed 132588K, reserved 1165312K
  class space    used 15745K, capacity 17400K, committed 17432K, reserved 1048576K
}
Event: 3788.871 GC heap before
{Heap before GC invocations=190 (full 0):
 garbage-first heap   total 227328K, used 103070K [0x0000000080000000, 0x0000000100000000)
  region size 1024K, 11 young (11264K), 3 survivors (3072K)
 Metaspace       used 128005K, capacity 132534K, committed 132588K, reserved 1165312K
  class space    used 15745K, capacity 17400K, committed 17432K, reserved 1048576K
}
Event: 3788.910 GC heap after
{Heap after GC invocations=191 (full 0):
 garbage-first heap   total 227328K, used 88179K [0x0000000080000000, 0x0000000100000000)
  region size 1024K, 1 young (1024K), 1 survivors (1024K)
 Metaspace       used 128005K, capacity 132534K, committed 132588K, reserved 1165312K
  class space    used 15745K, capacity 17400K, committed 17432K, reserved 1048576K
}
Event: 3789.305 GC heap before
{Heap before GC invocations=191 (full 0):
 garbage-first heap   total 227328K, used 116851K [0x0000000080000000, 0x0000000100000000)
  region size 1024K, 31 young (31744K), 1 survivors (1024K)
 Metaspace       used 128030K, capacity 132536K, committed 132588K, reserved 1165312K
  class space    used 15745K, capacity 17400K, committed 17432K, reserved 1048576K
}
Event: 3789.341 GC heap after
{Heap after GC invocations=192 (full 0):
 garbage-first heap   total 227328K, used 92749K [0x0000000080000000, 0x0000000100000000)
  region size 1024K, 6 young (6144K), 6 survivors (6144K)
 Metaspace       used 128030K, capacity 132536K, committed 132588K, reserved 1165312K
  class space    used 15745K, capacity 17400K, committed 17432K, reserved 1048576K
}
Event: 3844.539 GC heap before
{Heap before GC invocations=193 (full 0):
 garbage-first heap   total 227328K, used 164429K [0x0000000080000000, 0x0000000100000000)
  region size 1024K, 68 young (69632K), 6 survivors (6144K)
 Metaspace       used 128092K, capacity 132604K, committed 132844K, reserved 1165312K
  class space    used 15745K, capacity 17400K, committed 17432K, reserved 1048576K
}
Event: 3844.560 GC heap after
{Heap after GC invocations=194 (full 0):
 garbage-first heap   total 227328K, used 95649K [0x0000000080000000, 0x0000000100000000)
  region size 1024K, 3 young (3072K), 3 survivors (3072K)
 Metaspace       used 128092K, capacity 132604K, committed 132844K, reserved 1165312K
  class space    used 15745K, capacity 17400K, committed 17432K, reserved 1048576K
}
Event: 3844.609 GC heap before
{Heap before GC invocations=194 (full 0):
 garbage-first heap   total 227328K, used 102817K [0x0000000080000000, 0x0000000100000000)
  region size 1024K, 11 young (11264K), 3 survivors (3072K)
 Metaspace       used 128101K, capacity 132604K, committed 132844K, reserved 1165312K
  class space    used 15746K, capacity 17400K, committed 17432K, reserved 1048576K
}
Event: 3844.646 GC heap after
{Heap after GC invocations=195 (full 0):
 garbage-first heap   total 227328K, used 88333K [0x0000000080000000, 0x0000000100000000)
  region size 1024K, 1 young (1024K), 1 survivors (1024K)
 Metaspace       used 128101K, capacity 132604K, committed 132844K, reserved 1165312K
  class space    used 15746K, capacity 17400K, committed 17432K, reserved 1048576K
}

